[INFO] Scanning for projects...
[INFO] 
[INFO] ------------------< com.ankit14:FoodDeliveryBackend >-------------------
[INFO] Building FoodDeliveryBackend 0.0.1-SNAPSHOT
[INFO]   from pom.xml
[INFO] --------------------------------[ jar ]---------------------------------
[INFO] 
[INFO] --- resources:3.3.1:resources (default-resources) @ FoodDeliveryBackend ---
[INFO] Copying 1 resource from src\main\resources to target\classes
[INFO] Copying 0 resource from src\main\resources to target\classes
[INFO] 
[INFO] --- compiler:3.11.0:compile (default-compile) @ FoodDeliveryBackend ---
[INFO] Changes detected - recompiling the module! :source
[INFO] Compiling 68 source files with javac [debug release 17] to target\classes
[INFO] ------------------------------------------------------------------------
[INFO] BUILD SUCCESS
[INFO] ------------------------------------------------------------------------
[INFO] Total time:  4.895 s
[INFO] Finished at: 2026-01-31T20:55:34+05:30
[INFO] ------------------------------------------------------------------------
